# JRE version: OpenJDK Runtime Environment GraalVM CE 22.3.0 (17.0.5+8) (build 17.0.5+8-jvmci-22.3-b08)
# Java VM: OpenJDK 64-Bit Server VM GraalVM CE 22.3.0 (17.0.5+8-jvmci-22.3-b08, mixed mode, sharing, tiered, jvmci, jvmci compiler, compressed oops, compressed class ptrs, parallel gc, linux-amd64)
GC Precious Log:
 CPUs: 4 total, 1 available
 Memory: 1024M
 Large Page Support: Disabled
 NUMA Support: Disabled
 Compressed Oops: Enabled (32-bit)
 Alignments: Space 512K, Generation 512K, Heap 2M
 Heap Min Capacity: 100M
 Heap Initial Capacity: 100M
 Heap Max Capacity: 512M
 Pre-touch: Disabled
 Parallel Workers: 1
Heap:
 PSYoungGen      total 30720K, used 22015K [0x00000000f5580000, 0x00000000f7e00000, 0x0000000100000000)
  eden space 22016K, 99% used [0x00000000f5580000,0x00000000f6affff8,0x00000000f6b00000)
  from space 8704K, 0% used [0x00000000f7380000,0x00000000f7380000,0x00000000f7c00000)
  to   space 8704K, 0% used [0x00000000f6b00000,0x00000000f6b00000,0x00000000f7380000)
 ParOldGen       total 349696K, used 349696K [0x00000000e0000000, 0x00000000f5580000, 0x00000000f5580000)
  object space 349696K, 100% used [0x00000000e0000000,0x00000000f5580000,0x00000000f5580000)
 Metaspace       used 54390K, committed 55232K, reserved 1105920K
  class space    used 5349K, committed 5696K, reserved 1048576K
GC Heap History (20 events):
Event: 1161.677 GC heap before
{Heap before GC invocations=1005 (full 887):
 PSYoungGen      total 30720K, used 22015K [0x00000000f5580000, 0x00000000f7e00000, 0x0000000100000000)
  eden space 22016K, 99% used [0x00000000f5580000,0x00000000f6affff8,0x00000000f6b00000)
  from space 8704K, 0% used [0x00000000f7380000,0x00000000f7380000,0x00000000f7c00000)
  to   space 8704K, 0% used [0x00000000f6b00000,0x00000000f6b00000,0x00000000f7380000)
 ParOldGen       total 349696K, used 349695K [0x00000000e0000000, 0x00000000f5580000, 0x00000000f5580000)
  object space 349696K, 99% used [0x00000000e0000000,0x00000000f557ffd0,0x00000000f5580000)
 Metaspace       used 54390K, committed 55232K, reserved 1105920K
  class space    used 5349K, committed 5696K, reserved 1048576K
}
Event: 1162.724 GC heap after
{Heap after GC invocations=1005 (full 887):
 PSYoungGen      total 30720K, used 22015K [0x00000000f5580000, 0x00000000f7e00000, 0x0000000100000000)
  eden space 22016K, 99% used [0x00000000f5580000,0x00000000f6afffe0,0x00000000f6b00000)
  from space 8704K, 0% used [0x00000000f6b00000,0x00000000f6b00000,0x00000000f7380000)
  to   space 8704K, 0% used [0x00000000f7380000,0x00000000f7380000,0x00000000f7c00000)
 ParOldGen       total 349696K, used 349695K [0x00000000e0000000, 0x00000000f5580000, 0x00000000f5580000)
  object space 349696K, 99% used [0x00000000e0000000,0x00000000f557fec0,0x00000000f5580000)
 Metaspace       used 54390K, committed 55232K, reserved 1105920K
  class space    used 5349K, committed 5696K, reserved 1048576K
}
Event: 1162.724 GC heap before
{Heap before GC invocations=1006 (full 888):
 PSYoungGen      total 30720K, used 22015K [0x00000000f5580000, 0x00000000f7e00000, 0x0000000100000000)
  eden space 22016K, 99% used [0x00000000f5580000,0x00000000f6affff8,0x00000000f6b00000)
  from space 8704K, 0% used [0x00000000f6b00000,0x00000000f6b00000,0x00000000f7380000)
  to   space 8704K, 0% used [0x00000000f7380000,0x00000000f7380000,0x00000000f7c00000)
 ParOldGen       total 349696K, used 349696K [0x00000000e0000000, 0x00000000f5580000, 0x00000000f5580000)
  object space 349696K, 100% used [0x00000000e0000000,0x00000000f5580000,0x00000000f5580000)
 Metaspace       used 54390K, committed 55232K, reserved 1105920K
  class space    used 5349K, committed 5696K, reserved 1048576K
}
Event: 1163.783 GC heap after
{Heap after GC invocations=1006 (full 888):
 PSYoungGen      total 30720K, used 22015K [0x00000000f5580000, 0x00000000f7e00000, 0x0000000100000000)
  eden space 22016K, 99% used [0x00000000f5580000,0x00000000f6affff8,0x00000000f6b00000)
  from space 8704K, 0% used [0x00000000f7380000,0x00000000f7380000,0x00000000f7c00000)
  to   space 8704K, 0% used [0x00000000f6b00000,0x00000000f6b00000,0x00000000f7380000)
 ParOldGen       total 349696K, used 349695K [0x00000000e0000000, 0x00000000f5580000, 0x00000000f5580000)
  object space 349696K, 99% used [0x00000000e0000000,0x00000000f557fe80,0x00000000f5580000)
 Metaspace       used 54390K, committed 55232K, reserved 1105920K
  class space    used 5349K, committed 5696K, reserved 1048576K
}
Event: 1163.784 GC heap before
{Heap before GC invocations=1007 (full 889):
 PSYoungGen      total 30720K, used 22015K [0x00000000f5580000, 0x00000000f7e00000, 0x0000000100000000)
  eden space 22016K, 99% used [0x00000000f5580000,0x00000000f6affff8,0x00000000f6b00000)
  from space 8704K, 0% used [0x00000000f7380000,0x00000000f7380000,0x00000000f7c00000)
  to   space 8704K, 0% used [0x00000000f6b00000,0x00000000f6b00000,0x00000000f7380000)
 ParOldGen       total 349696K, used 349695K [0x00000000e0000000, 0x00000000f5580000, 0x00000000f5580000)
  object space 349696K, 99% used [0x00000000e0000000,0x00000000f557fff8,0x00000000f5580000)
 Metaspace       used 54390K, committed 55232K, reserved 1105920K
  class space    used 5349K, committed 5696K, reserved 1048576K
}
Event: 1164.900 GC heap after
{Heap after GC invocations=1007 (full 889):
 PSYoungGen      total 30720K, used 22015K [0x00000000f5580000, 0x00000000f7e00000, 0x0000000100000000)
  eden space 22016K, 99% used [0x00000000f5580000,0x00000000f6affff8,0x00000000f6b00000)
  from space 8704K, 0% used [0x00000000f6b00000,0x00000000f6b00000,0x00000000f7380000)
  to   space 8704K, 0% used [0x00000000f7380000,0x00000000f7380000,0x00000000f7c00000)
 ParOldGen       total 349696K, used 349695K [0x00000000e0000000, 0x00000000f5580000, 0x00000000f5580000)
  object space 349696K, 99% used [0x00000000e0000000,0x00000000f557fed8,0x00000000f5580000)
 Metaspace       used 54390K, committed 55232K, reserved 1105920K
  class space    used 5349K, committed 5696K, reserved 1048576K
}
Event: 1164.900 GC heap before
{Heap before GC invocations=1008 (full 890):
 PSYoungGen      total 30720K, used 22015K [0x00000000f5580000, 0x00000000f7e00000, 0x0000000100000000)
  eden space 22016K, 99% used [0x00000000f5580000,0x00000000f6affff8,0x00000000f6b00000)
  from space 8704K, 0% used [0x00000000f6b00000,0x00000000f6b00000,0x00000000f7380000)
  to   space 8704K, 0% used [0x00000000f7380000,0x00000000f7380000,0x00000000f7c00000)
 ParOldGen       total 349696K, used 349695K [0x00000000e0000000, 0x00000000f5580000, 0x00000000f5580000)
  object space 349696K, 99% used [0x00000000e0000000,0x00000000f557ffa8,0x00000000f5580000)
 Metaspace       used 54390K, committed 55232K, reserved 1105920K
  class space    used 5349K, committed 5696K, reserved 1048576K
}
Event: 1165.979 GC heap after
{Heap after GC invocations=1008 (full 890):
 PSYoungGen      total 30720K, used 22015K [0x00000000f5580000, 0x00000000f7e00000, 0x0000000100000000)
  eden space 22016K, 99% used [0x00000000f5580000,0x00000000f6affff8,0x00000000f6b00000)
  from space 8704K, 0% used [0x00000000f7380000,0x00000000f7380000,0x00000000f7c00000)
  to   space 8704K, 0% used [0x00000000f6b00000,0x00000000f6b00000,0x00000000f7380000)
 ParOldGen       total 349696K, used 349695K [0x00000000e0000000, 0x00000000f5580000, 0x00000000f5580000)
  object space 349696K, 99% used [0x00000000e0000000,0x00000000f557ff08,0x00000000f5580000)
 Metaspace       used 54390K, committed 55232K, reserved 1105920K
  class space    used 5349K, committed 5696K, reserved 1048576K
}
Event: 1165.979 GC heap before
{Heap before GC invocations=1009 (full 891):
 PSYoungGen      total 30720K, used 22015K [0x00000000f5580000, 0x00000000f7e00000, 0x0000000100000000)
  eden space 22016K, 99% used [0x00000000f5580000,0x00000000f6affff8,0x00000000f6b00000)
  from space 8704K, 0% used [0x00000000f7380000,0x00000000f7380000,0x00000000f7c00000)
  to   space 8704K, 0% used [0x00000000f6b00000,0x00000000f6b00000,0x00000000f7380000)
 ParOldGen       total 349696K, used 349695K [0x00000000e0000000, 0x00000000f5580000, 0x00000000f5580000)
  object space 349696K, 99% used [0x00000000e0000000,0x00000000f557fff8,0x00000000f5580000)
 Metaspace       used 54390K, committed 55232K, reserved 1105920K
  class space    used 5349K, committed 5696K, reserved 1048576K
}
Event: 1167.086 GC heap after
{Heap after GC invocations=1009 (full 891):
 PSYoungGen      total 30720K, used 22015K [0x00000000f5580000, 0x00000000f7e00000, 0x0000000100000000)
  eden space 22016K, 99% used [0x00000000f5580000,0x00000000f6affff8,0x00000000f6b00000)
  from space 8704K, 0% used [0x00000000f6b00000,0x00000000f6b00000,0x00000000f7380000)
  to   space 8704K, 0% used [0x00000000f7380000,0x00000000f7380000,0x00000000f7c00000)
 ParOldGen       total 349696K, used 349695K [0x00000000e0000000, 0x00000000f5580000, 0x00000000f5580000)
  object space 349696K, 99% used [0x00000000e0000000,0x00000000f557ff28,0x00000000f5580000)
 Metaspace       used 54390K, committed 55232K, reserved 1105920K
  class space    used 5349K, committed 5696K, reserved 1048576K
}
Event: 1167.086 GC heap before
{Heap before GC invocations=1010 (full 892):
 PSYoungGen      total 30720K, used 22015K [0x00000000f5580000, 0x00000000f7e00000, 0x0000000100000000)
  eden space 22016K, 99% used [0x00000000f5580000,0x00000000f6affff8,0x00000000f6b00000)
  from space 8704K, 0% used [0x00000000f6b00000,0x00000000f6b00000,0x00000000f7380000)
  to   space 8704K, 0% used [0x00000000f7380000,0x00000000f7380000,0x00000000f7c00000)
 ParOldGen       total 349696K, used 349696K [0x00000000e0000000, 0x00000000f5580000, 0x00000000f5580000)
  object space 349696K, 100% used [0x00000000e0000000,0x00000000f5580000,0x00000000f5580000)
 Metaspace       used 54390K, committed 55232K, reserved 1105920K
  class space    used 5349K, committed 5696K, reserved 1048576K
}
Event: 1168.103 GC heap after
{Heap after GC invocations=1010 (full 892):
 PSYoungGen      total 30720K, used 22015K [0x00000000f5580000, 0x00000000f7e00000, 0x0000000100000000)
  eden space 22016K, 99% used [0x00000000f5580000,0x00000000f6affff8,0x00000000f6b00000)
  from space 8704K, 0% used [0x00000000f7380000,0x00000000f7380000,0x00000000f7c00000)
  to   space 8704K, 0% used [0x00000000f6b00000,0x00000000f6b00000,0x00000000f7380000)
 ParOldGen       total 349696K, used 349695K [0x00000000e0000000, 0x00000000f5580000, 0x00000000f5580000)
  object space 349696K, 99% used [0x00000000e0000000,0x00000000f557ffc8,0x00000000f5580000)
 Metaspace       used 54390K, committed 55232K, reserved 1105920K
  class space    used 5349K, committed 5696K, reserved 1048576K
}
Event: 1168.104 GC heap before
{Heap before GC invocations=1011 (full 893):
 PSYoungGen      total 30720K, used 22015K [0x00000000f5580000, 0x00000000f7e00000, 0x0000000100000000)
  eden space 22016K, 99% used [0x00000000f5580000,0x00000000f6affff8,0x00000000f6b00000)
  from space 8704K, 0% used [0x00000000f7380000,0x00000000f7380000,0x00000000f7c00000)
  to   space 8704K, 0% used [0x00000000f6b00000,0x00000000f6b00000,0x00000000f7380000)
 ParOldGen       total 349696K, used 349696K [0x00000000e0000000, 0x00000000f5580000, 0x00000000f5580000)
  object space 349696K, 100% used [0x00000000e0000000,0x00000000f5580000,0x00000000f5580000)
 Metaspace       used 54390K, committed 55232K, reserved 1105920K
  class space    used 5349K, committed 5696K, reserved 1048576K
}
Event: 1169.305 GC heap after
{Heap after GC invocations=1011 (full 893):
 PSYoungGen      total 30720K, used 22015K [0x00000000f5580000, 0x00000000f7e00000, 0x0000000100000000)
  eden space 22016K, 99% used [0x00000000f5580000,0x00000000f6affff8,0x00000000f6b00000)
  from space 8704K, 0% used [0x00000000f6b00000,0x00000000f6b00000,0x00000000f7380000)
  to   space 8704K, 0% used [0x00000000f7380000,0x00000000f7380000,0x00000000f7c00000)
 ParOldGen       total 349696K, used 349696K [0x00000000e0000000, 0x00000000f5580000, 0x00000000f5580000)
  object space 349696K, 100% used [0x00000000e0000000,0x00000000f5580000,0x00000000f5580000)
 Metaspace       used 54390K, committed 55232K, reserved 1105920K
  class space    used 5349K, committed 5696K, reserved 1048576K
}
Event: 1169.305 GC heap before
{Heap before GC invocations=1012 (full 894):
 PSYoungGen      total 30720K, used 22015K [0x00000000f5580000, 0x00000000f7e00000, 0x0000000100000000)
  eden space 22016K, 99% used [0x00000000f5580000,0x00000000f6affff8,0x00000000f6b00000)
  from space 8704K, 0% used [0x00000000f6b00000,0x00000000f6b00000,0x00000000f7380000)
  to   space 8704K, 0% used [0x00000000f7380000,0x00000000f7380000,0x00000000f7c00000)
 ParOldGen       total 349696K, used 349696K [0x00000000e0000000, 0x00000000f5580000, 0x00000000f5580000)
  object space 349696K, 100% used [0x00000000e0000000,0x00000000f5580000,0x00000000f5580000)
 Metaspace       used 54390K, committed 55232K, reserved 1105920K
  class space    used 5349K, committed 5696K, reserved 1048576K
}
Event: 1170.316 GC heap after
{Heap after GC invocations=1012 (full 894):
 PSYoungGen      total 30720K, used 22015K [0x00000000f5580000, 0x00000000f7e00000, 0x0000000100000000)
  eden space 22016K, 99% used [0x00000000f5580000,0x00000000f6affff8,0x00000000f6b00000)
  from space 8704K, 0% used [0x00000000f7380000,0x00000000f7380000,0x00000000f7c00000)
  to   space 8704K, 0% used [0x00000000f6b00000,0x00000000f6b00000,0x00000000f7380000)
 ParOldGen       total 349696K, used 349696K [0x00000000e0000000, 0x00000000f5580000, 0x00000000f5580000)
  object space 349696K, 100% used [0x00000000e0000000,0x00000000f5580000,0x00000000f5580000)
 Metaspace       used 54390K, committed 55232K, reserved 1105920K
  class space    used 5349K, committed 5696K, reserved 1048576K
}
Event: 1170.317 GC heap before
{Heap before GC invocations=1013 (full 895):
 PSYoungGen      total 30720K, used 22015K [0x00000000f5580000, 0x00000000f7e00000, 0x0000000100000000)
  eden space 22016K, 99% used [0x00000000f5580000,0x00000000f6affff8,0x00000000f6b00000)
  from space 8704K, 0% used [0x00000000f7380000,0x00000000f7380000,0x00000000f7c00000)
  to   space 8704K, 0% used [0x00000000f6b00000,0x00000000f6b00000,0x00000000f7380000)
 ParOldGen       total 349696K, used 349696K [0x00000000e0000000, 0x00000000f5580000, 0x00000000f5580000)
  object space 349696K, 100% used [0x00000000e0000000,0x00000000f5580000,0x00000000f5580000)
 Metaspace       used 54390K, committed 55232K, reserved 1105920K
  class space    used 5349K, committed 5696K, reserved 1048576K
}
Event: 1171.493 GC heap after
{Heap after GC invocations=1013 (full 895):
 PSYoungGen      total 30720K, used 22015K [0x00000000f5580000, 0x00000000f7e00000, 0x0000000100000000)
  eden space 22016K, 99% used [0x00000000f5580000,0x00000000f6affff8,0x00000000f6b00000)
  from space 8704K, 0% used [0x00000000f6b00000,0x00000000f6b00000,0x00000000f7380000)
  to   space 8704K, 0% used [0x00000000f7380000,0x00000000f7380000,0x00000000f7c00000)
 ParOldGen       total 349696K, used 349696K [0x00000000e0000000, 0x00000000f5580000, 0x00000000f5580000)
  object space 349696K, 100% used [0x00000000e0000000,0x00000000f5580000,0x00000000f5580000)
 Metaspace       used 54390K, committed 55232K, reserved 1105920K
  class space    used 5349K, committed 5696K, reserved 1048576K
}
Event: 1171.493 GC heap before
{Heap before GC invocations=1014 (full 896):
 PSYoungGen      total 30720K, used 22015K [0x00000000f5580000, 0x00000000f7e00000, 0x0000000100000000)
  eden space 22016K, 99% used [0x00000000f5580000,0x00000000f6affff8,0x00000000f6b00000)
  from space 8704K, 0% used [0x00000000f6b00000,0x00000000f6b00000,0x00000000f7380000)
  to   space 8704K, 0% used [0x00000000f7380000,0x00000000f7380000,0x00000000f7c00000)
 ParOldGen       total 349696K, used 349696K [0x00000000e0000000, 0x00000000f5580000, 0x00000000f5580000)
  object space 349696K, 100% used [0x00000000e0000000,0x00000000f5580000,0x00000000f5580000)
 Metaspace       used 54390K, committed 55232K, reserved 1105920K
  class space    used 5349K, committed 5696K, reserved 1048576K
}
Event: 1172.516 GC heap after
{Heap after GC invocations=1014 (full 896):
 PSYoungGen      total 30720K, used 22015K [0x00000000f5580000, 0x00000000f7e00000, 0x0000000100000000)
  eden space 22016K, 99% used [0x00000000f5580000,0x00000000f6affff8,0x00000000f6b00000)
  from space 8704K, 0% used [0x00000000f7380000,0x00000000f7380000,0x00000000f7c00000)
  to   space 8704K, 0% used [0x00000000f6b00000,0x00000000f6b00000,0x00000000f7380000)
 ParOldGen       total 349696K, used 349696K [0x00000000e0000000, 0x00000000f5580000, 0x00000000f5580000)
  object space 349696K, 100% used [0x00000000e0000000,0x00000000f5580000,0x00000000f5580000)
 Metaspace       used 54390K, committed 55232K, reserved 1105920K
  class space    used 5349K, committed 5696K, reserved 1048576K
}

